<?xml version="1.0" encoding="UTF-8"?>
<!-- Generated by org.testng.reporters.JUnitReportReporter -->
<testsuite hostname="Lakshmi" failures="0" tests="3" name="basics.GetBasics" time="2.750" errors="0" timestamp="2025-01-21T22:30:47 MST" skipped="2">
  <testcase classname="basics.GetBasics" name="getSpecificMember" time="2.750"/>
  <testcase classname="basics.GetBasics" name="getFemaleMember">
    <skipped/>
  </testcase> <!-- getFemaleMember -->
  <testcase classname="basics.GetBasics" name="getNumber">
    <skipped/>
  </testcase> <!-- getNumber -->
</testsuite> <!-- basics.GetBasics -->
