<?xml version="1.0" encoding="UTF-8"?>
<!-- Generated by org.testng.reporters.JUnitReportReporter -->
<testsuite hostname="Lakshmi" failures="0" tests="10" name="basics.PostBasics" time="1.763" errors="0" timestamp="2025-01-28T23:08:20 MST" skipped="9">
  <testcase classname="basics.PostBasics" name="uploadFile" time="1.763"/>
  <testcase classname="basics.PostBasics" name="CreateMember">
    <skipped/>
  </testcase> <!-- CreateMember -->
  <testcase classname="basics.PostBasics" name="createMemberUsingJSONObject">
    <skipped/>
  </testcase> <!-- createMemberUsingJSONObject -->
  <testcase classname="basics.PostBasics" name="createMemberUsingJSONFileByteArray">
    <skipped/>
  </testcase> <!-- createMemberUsingJSONFileByteArray -->
  <testcase classname="basics.PostBasics" name="createMembersUsingModelNonTransientBDD">
    <skipped/>
  </testcase> <!-- createMembersUsingModelNonTransientBDD -->
  <testcase classname="basics.PostBasics" name="createMemberUsingJSONFile">
    <skipped/>
  </testcase> <!-- createMemberUsingJSONFile -->
  <testcase classname="basics.PostBasics" name="createMembersUsingModelGsonExposeBDD">
    <skipped/>
  </testcase> <!-- createMembersUsingModelGsonExposeBDD -->
  <testcase classname="basics.PostBasics" name="createMemberUsingMapBDD">
    <skipped/>
  </testcase> <!-- createMemberUsingMapBDD -->
  <testcase classname="basics.PostBasics" name="createMembersUsingModelTransientBDD">
    <skipped/>
  </testcase> <!-- createMembersUsingModelTransientBDD -->
  <testcase classname="basics.PostBasics" name="createMemberUsingJSONFileStream">
    <skipped/>
  </testcase> <!-- createMemberUsingJSONFileStream -->
</testsuite> <!-- basics.PostBasics -->
